<?xml version="1.0" encoding="UTF-8"?>
<!-- Generated by org.testng.reporters.JUnitReportReporter -->
<testsuite hostname="Ganesh" failures="0" tests="3" name="SeleniumProject.SubmitOrderTest" time="58.133" errors="0" timestamp="30 Apr 2024 11:54:20 GMT" skipped="0">
  <testcase classname="SeleniumProject.SubmitOrderTest" name="submitOrder" time="20.524"/>
  <testcase classname="SeleniumProject.SubmitOrderTest" name="Ordersummary" time="15.207"/>
  <testcase classname="SeleniumProject.SubmitOrderTest" name="submitOrder" time="22.402"/>
</testsuite> <!-- SeleniumProject.SubmitOrderTest -->
