<?xml version="1.0" encoding="UTF-8"?>
<!-- Generated by org.testng.reporters.JUnitReportReporter -->
<testsuite hostname="Ganesh" failures="0" tests="2" name="SeleniumProject.ErrorValidationTest" time="40.110" errors="0" timestamp="30 Apr 2024 11:54:20 GMT" skipped="0">
  <testcase classname="SeleniumProject.ErrorValidationTest" name="loginerrorvalidation" time="18.840"/>
  <testcase classname="SeleniumProject.ErrorValidationTest" name="submitOrder" time="21.270"/>
</testsuite> <!-- SeleniumProject.ErrorValidationTest -->
